<?xml version="1.0" encoding="UTF-8"?>
<!-- Generated by org.testng.reporters.JUnitReportReporter -->
<testsuite hostname="lsgoli" name="com.dataprovider.pracice.ConvertHashMapToObject" tests="3" failures="0" timestamp="19 Feb 2017 06:28:38 GMT" time="0.045" errors="0">
  <testcase name="displaydata" time="0.002" classname="com.dataprovider.pracice.ConvertHashMapToObject"/>
  <testcase name="displaydata" time="0.003" classname="com.dataprovider.pracice.ConvertHashMapToObject"/>
  <testcase name="displaydata" time="0.040" classname="com.dataprovider.pracice.ConvertHashMapToObject"/>
</testsuite> <!-- com.dataprovider.pracice.ConvertHashMapToObject -->
