<?xml version="1.0" encoding="UTF-8"?>
<!-- Generated by org.testng.reporters.JUnitReportReporter -->
<testsuite hostname="lsgoli" name="org.pomobjecmodel.SanityTestSuite" tests="1" failures="0" timestamp="8 Jan 2017 23:25:37 GMT" time="3.022" errors="0">
  <testcase name="UserCanLoginWithValidCredentials" time="3.022" classname="org.pomobjecmodel.SanityTestSuite"/>
</testsuite> <!-- org.pomobjecmodel.SanityTestSuite -->
