<?xml version="1.0" encoding="UTF-8"?>
<!-- Generated by org.testng.reporters.JUnitReportReporter -->
<testsuite hostname="lsgoli" name="com.dataprovider.pracice.ExcelReader0214" tests="1" failures="0" timestamp="15 Feb 2017 21:32:59 GMT" time="2.361" errors="0">
  <testcase name="readExcel" time="2.361" classname="com.dataprovider.pracice.ExcelReader0214"/>
</testsuite> <!-- com.dataprovider.pracice.ExcelReader0214 -->
