<?xml version="1.0" encoding="UTF-8"?>
<!-- Generated by org.testng.reporters.JUnitReportReporter -->
<testsuite hostname="lsgoli" name="com.jsonpractice.com.com.jsonpractice.com.DataProviderTest" tests="3" failures="0" timestamp="13 Feb 2017 14:38:49 GMT" time="0.042" errors="0">
  <testcase name="DataProviderExample" time="0.036" classname="com.jsonpractice.com.com.jsonpractice.com.DataProviderTest"/>
  <testcase name="DataProviderExample" time="0.003" classname="com.jsonpractice.com.com.jsonpractice.com.DataProviderTest"/>
  <testcase name="DataProviderExample" time="0.003" classname="com.jsonpractice.com.com.jsonpractice.com.DataProviderTest"/>
</testsuite> <!-- com.jsonpractice.com.com.jsonpractice.com.DataProviderTest -->
