<?xml version="1.0" encoding="UTF-8"?>
<!-- Generated by org.testng.reporters.JUnitReportReporter -->
<testsuite hostname="lsgoli" name="com.jsonpractice.com.com.jsonpractice.com.HashMapsAsDataLazy" tests="6" failures="0" timestamp="13 Feb 2017 21:17:24 GMT" time="0.129" errors="0">
  <testcase name="testMethod" time="0.005" classname="com.jsonpractice.com.com.jsonpractice.com.HashMapsAsDataLazy"/>
  <testcase name="testMethod" time="0.003" classname="com.jsonpractice.com.com.jsonpractice.com.HashMapsAsDataLazy"/>
  <testcase name="testMethod" time="0.004" classname="com.jsonpractice.com.com.jsonpractice.com.HashMapsAsDataLazy"/>
  <testcase name="testMethod" time="0.004" classname="com.jsonpractice.com.com.jsonpractice.com.HashMapsAsDataLazy"/>
  <testcase name="testMethod" time="0.004" classname="com.jsonpractice.com.com.jsonpractice.com.HashMapsAsDataLazy"/>
  <testcase name="testMethod" time="0.109" classname="com.jsonpractice.com.com.jsonpractice.com.HashMapsAsDataLazy"/>
</testsuite> <!-- com.jsonpractice.com.com.jsonpractice.com.HashMapsAsDataLazy -->
