<?xml version="1.0" encoding="UTF-8"?>
<!-- Generated by org.testng.reporters.JUnitReportReporter -->
<testsuite hostname="lsgoli" name="com.dataprovider.pracice.HashmapsAsDataLazy" tests="6" failures="0" timestamp="16 Feb 2017 07:45:12 GMT" time="0.050" errors="0">
  <testcase name="testMethod" time="0.030" classname="com.dataprovider.pracice.HashmapsAsDataLazy"/>
  <testcase name="testMethod" time="0.010" classname="com.dataprovider.pracice.HashmapsAsDataLazy"/>
  <testcase name="testMethod" time="0.000" classname="com.dataprovider.pracice.HashmapsAsDataLazy"/>
  <testcase name="testMethod" time="0.000" classname="com.dataprovider.pracice.HashmapsAsDataLazy"/>
  <testcase name="testMethod" time="0.010" classname="com.dataprovider.pracice.HashmapsAsDataLazy"/>
  <testcase name="testMethod" time="0.000" classname="com.dataprovider.pracice.HashmapsAsDataLazy"/>
</testsuite> <!-- com.dataprovider.pracice.HashmapsAsDataLazy -->
