<?xml version="1.0" encoding="UTF-8"?>
<!-- Generated by org.testng.reporters.JUnitReportReporter -->
<testsuite hostname="lsgoli" name="com.jsonpractice.com.com.jsonpractice.com.TestEmployeeBusinessLogic" tests="2" failures="0" timestamp="3 Jan 2017 22:07:52 GMT" time="0.051" errors="0">
  <testcase name="TestCalculateAppraisal" time="0.049" classname="com.jsonpractice.com.com.jsonpractice.com.TestEmployeeBusinessLogic"/>
  <testcase name="TestcalculateYearlySalary" time="0.002" classname="com.jsonpractice.com.com.jsonpractice.com.TestEmployeeBusinessLogic"/>
</testsuite> <!-- com.jsonpractice.com.com.jsonpractice.com.TestEmployeeBusinessLogic -->
