<?xml version="1.0" encoding="UTF-8"?>
<!-- Generated by org.testng.reporters.JUnitReportReporter -->
<testsuite hostname="lsgoli" name="com.dataprovider.pracice.DataProviderSimple" tests="3" failures="0" timestamp="19 Feb 2017 00:48:51 GMT" time="0.045" errors="0">
  <testcase name="display" time="0.039" classname="com.dataprovider.pracice.DataProviderSimple"/>
  <testcase name="display" time="0.003" classname="com.dataprovider.pracice.DataProviderSimple"/>
  <testcase name="display" time="0.003" classname="com.dataprovider.pracice.DataProviderSimple"/>
</testsuite> <!-- com.dataprovider.pracice.DataProviderSimple -->
