<?xml version="1.0" encoding="UTF-8"?>
<!-- Generated by org.testng.reporters.JUnitReportReporter -->
<testsuite hostname="lsgoli" name="com.jsonpractice.com.com.jsonpractice.com.StrinValidity" tests="1" failures="0" timestamp="3 Jan 2017 20:22:10 GMT" time="0.045" errors="0">
  <testcase name="StriknValidity" time="0.045" classname="com.jsonpractice.com.com.jsonpractice.com.StrinValidity"/>
</testsuite> <!-- com.jsonpractice.com.com.jsonpractice.com.StrinValidity -->
