<?xml version="1.0" encoding="UTF-8"?>
<!-- Generated by org.testng.reporters.JUnitReportReporter -->
<testsuite hostname="lsgoli" name="com.dataprovider.pracice.DataproviderSimple2" tests="3" failures="0" timestamp="19 Feb 2017 01:59:06 GMT" time="0.042" errors="0">
  <testcase name="getdata" time="0.036" classname="com.dataprovider.pracice.DataproviderSimple2"/>
  <testcase name="getdata" time="0.003" classname="com.dataprovider.pracice.DataproviderSimple2"/>
  <testcase name="getdata" time="0.003" classname="com.dataprovider.pracice.DataproviderSimple2"/>
</testsuite> <!-- com.dataprovider.pracice.DataproviderSimple2 -->
